\BOOKMARK [0][-]{chapter.1}{\376\377\000C\000l\000a\000s\000s\000\040\000I\000n\000d\000e\000x}{}
\BOOKMARK [1][-]{section.1.1}{\376\377\000C\000l\000a\000s\000s\000\040\000L\000i\000s\000t}{chapter.1}
\BOOKMARK [0][-]{chapter.2}{\376\377\000F\000i\000l\000e\000\040\000I\000n\000d\000e\000x}{}
\BOOKMARK [1][-]{section.2.1}{\376\377\000F\000i\000l\000e\000\040\000L\000i\000s\000t}{chapter.2}
\BOOKMARK [0][-]{chapter.3}{\376\377\000C\000l\000a\000s\000s\000\040\000D\000o\000c\000u\000m\000e\000n\000t\000a\000t\000i\000o\000n}{}
\BOOKMARK [1][-]{section.3.1}{\376\377\000C\000T\000a\000n\000g\000o\000I\000n\000t\000e\000r\000f\000a\000c\000e\000A\000p\000p\000\040\000C\000l\000a\000s\000s\000\040\000R\000e\000f\000e\000r\000e\000n\000c\000e}{chapter.3}
\BOOKMARK [2][-]{subsection.3.1.1}{\376\377\000C\000o\000n\000s\000t\000r\000u\000c\000t\000o\000r\000\040\000\046\000\040\000D\000e\000s\000t\000r\000u\000c\000t\000o\000r\000\040\000D\000o\000c\000u\000m\000e\000n\000t\000a\000t\000i\000o\000n}{section.3.1}
\BOOKMARK [3][-]{subsubsection.3.1.1.1}{\376\377\000C\000T\000a\000n\000g\000o\000I\000n\000t\000e\000r\000f\000a\000c\000e\000A\000p\000p}{subsection.3.1.1}
\BOOKMARK [2][-]{subsection.3.1.2}{\376\377\000M\000e\000m\000b\000e\000r\000\040\000F\000u\000n\000c\000t\000i\000o\000n\000\040\000D\000o\000c\000u\000m\000e\000n\000t\000a\000t\000i\000o\000n}{section.3.1}
\BOOKMARK [3][-]{subsubsection.3.1.2.1}{\376\377\000I\000n\000i\000t\000I\000n\000s\000t\000a\000n\000c\000e}{subsection.3.1.2}
\BOOKMARK [1][-]{section.3.2}{\376\377\000T\000a\000n\000g\000o\000I\000n\000t\000e\000r\000f\000a\000c\000e\000\040\000C\000l\000a\000s\000s\000\040\000R\000e\000f\000e\000r\000e\000n\000c\000e}{chapter.3}
\BOOKMARK [2][-]{subsection.3.2.1}{\376\377\000C\000o\000n\000s\000t\000r\000u\000c\000t\000o\000r\000\040\000\046\000\040\000D\000e\000s\000t\000r\000u\000c\000t\000o\000r\000\040\000D\000o\000c\000u\000m\000e\000n\000t\000a\000t\000i\000o\000n}{section.3.2}
\BOOKMARK [3][-]{subsubsection.3.2.1.1}{\376\377\000T\000a\000n\000g\000o\000I\000n\000t\000e\000r\000f\000a\000c\000e}{subsection.3.2.1}
\BOOKMARK [3][-]{subsubsection.3.2.1.2}{\376\377\000T\000a\000n\000g\000o\000I\000n\000t\000e\000r\000f\000a\000c\000e}{subsection.3.2.1}
\BOOKMARK [2][-]{subsection.3.2.2}{\376\377\000M\000e\000m\000b\000e\000r\000\040\000F\000u\000n\000c\000t\000i\000o\000n\000\040\000D\000o\000c\000u\000m\000e\000n\000t\000a\000t\000i\000o\000n}{section.3.2}
\BOOKMARK [3][-]{subsubsection.3.2.2.1}{\376\377\000G\000e\000t\000E\000r\000r\000o\000r\000M\000e\000s\000s\000a\000g\000e}{subsection.3.2.2}
\BOOKMARK [3][-]{subsubsection.3.2.2.2}{\376\377\000S\000e\000t\000M\000o\000t\000o\000r\000S\000p\000e\000e\000d}{subsection.3.2.2}
\BOOKMARK [3][-]{subsubsection.3.2.2.3}{\376\377\000G\000e\000t\000M\000o\000t\000o\000r\000P\000o\000s\000i\000t\000i\000o\000n}{subsection.3.2.2}
\BOOKMARK [3][-]{subsubsection.3.2.2.4}{\376\377\000E\000n\000a\000b\000l\000e\000M\000o\000t\000o\000r}{subsection.3.2.2}
\BOOKMARK [3][-]{subsubsection.3.2.2.5}{\376\377\000J\000o\000g\000M\000o\000t\000o\000r}{subsection.3.2.2}
\BOOKMARK [3][-]{subsubsection.3.2.2.6}{\376\377\000G\000e\000t\000H\000o\000m\000i\000n\000g\000S\000t\000a\000t\000u\000s}{subsection.3.2.2}
\BOOKMARK [3][-]{subsubsection.3.2.2.7}{\376\377\000H\000o\000m\000e}{subsection.3.2.2}
\BOOKMARK [3][-]{subsubsection.3.2.2.8}{\376\377\000M\000o\000v\000e\000M\000o\000t\000o\000r}{subsection.3.2.2}
\BOOKMARK [3][-]{subsubsection.3.2.2.9}{\376\377\000S\000e\000t\000V\000a\000r\000i\000a\000b\000l\000e}{subsection.3.2.2}
\BOOKMARK [3][-]{subsubsection.3.2.2.10}{\376\377\000S\000e\000t\000V\000a\000r\000i\000a\000b\000l\000e}{subsection.3.2.2}
\BOOKMARK [3][-]{subsubsection.3.2.2.11}{\376\377\000S\000e\000t\000V\000a\000r\000i\000a\000b\000l\000e}{subsection.3.2.2}
\BOOKMARK [3][-]{subsubsection.3.2.2.12}{\376\377\000S\000e\000t\000V\000a\000r\000i\000a\000b\000l\000e}{subsection.3.2.2}
\BOOKMARK [3][-]{subsubsection.3.2.2.13}{\376\377\000G\000e\000t\000V\000a\000r\000i\000a\000b\000l\000e\000F\000l\000o\000a\000t}{subsection.3.2.2}
\BOOKMARK [3][-]{subsubsection.3.2.2.14}{\376\377\000G\000e\000t\000V\000a\000r\000i\000a\000b\000l\000e\000I\000n\000t}{subsection.3.2.2}
\BOOKMARK [3][-]{subsubsection.3.2.2.15}{\376\377\000G\000e\000t\000V\000a\000r\000i\000a\000b\000l\000e\000S\000t\000r\000i\000n\000g}{subsection.3.2.2}
\BOOKMARK [3][-]{subsubsection.3.2.2.16}{\376\377\000G\000e\000t\000V\000a\000r\000i\000a\000b\000l\000e\000B\000o\000o\000l}{subsection.3.2.2}
\BOOKMARK [3][-]{subsubsection.3.2.2.17}{\376\377\000G\000e\000t\000M\000o\000t\000o\000r\000V\000a\000r\000i\000a\000b\000l\000e\000F\000l\000o\000a\000t}{subsection.3.2.2}
\BOOKMARK [3][-]{subsubsection.3.2.2.18}{\376\377\000G\000e\000t\000M\000o\000t\000o\000r\000V\000a\000r\000i\000a\000b\000l\000e\000I\000n\000t}{subsection.3.2.2}
\BOOKMARK [3][-]{subsubsection.3.2.2.19}{\376\377\000G\000e\000t\000M\000o\000t\000o\000r\000V\000a\000r\000i\000a\000b\000l\000e\000S\000t\000r\000i\000n\000g}{subsection.3.2.2}
\BOOKMARK [3][-]{subsubsection.3.2.2.20}{\376\377\000G\000e\000t\000M\000o\000t\000o\000r\000V\000a\000r\000i\000a\000b\000l\000e\000B\000o\000o\000l}{subsection.3.2.2}
\BOOKMARK [3][-]{subsubsection.3.2.2.21}{\376\377\000G\000e\000t\000M\000o\000t\000o\000r\000A\000t\000t\000r\000i\000b\000u\000t\000e\000S\000t\000r\000i\000n\000g\000s}{subsection.3.2.2}
\BOOKMARK [0][-]{chapter.4}{\376\377\000F\000i\000l\000e\000\040\000D\000o\000c\000u\000m\000e\000n\000t\000a\000t\000i\000o\000n}{}
\BOOKMARK [1][-]{section.4.1}{\376\377\000/\000h\000o\000m\000e\000n\000f\000s\000/\000a\000m\000i\000l\000a\000n\000/\000w\000o\000r\000k\000s\000p\000a\000c\000e\000/\000X\000r\000a\000d\000i\000a\000-\000d\000l\000l\000/\000L\000a\000s\000t\000V\000e\000r\000s\000i\000o\000n\000/\000T\000a\000n\000g\000o\000I\000n\000t\000e\000r\000f\000a\000c\000e\000\137\0002\0000\0000\0009\0001\0002\0000\0001\000/\000R\000e\000s\000o\000u\000r\000c\000e\000.\000h\000\040\000F\000i\000l\000e\000\040\000R\000e\000f\000e\000r\000e\000n\000c\000e}{chapter.4}
\BOOKMARK [1][-]{section.4.2}{\376\377\000/\000h\000o\000m\000e\000n\000f\000s\000/\000a\000m\000i\000l\000a\000n\000/\000w\000o\000r\000k\000s\000p\000a\000c\000e\000/\000X\000r\000a\000d\000i\000a\000-\000d\000l\000l\000/\000L\000a\000s\000t\000V\000e\000r\000s\000i\000o\000n\000/\000T\000a\000n\000g\000o\000I\000n\000t\000e\000r\000f\000a\000c\000e\000\137\0002\0000\0000\0009\0001\0002\0000\0001\000/\000s\000t\000d\000a\000f\000x\000.\000c\000p\000p\000\040\000F\000i\000l\000e\000\040\000R\000e\000f\000e\000r\000e\000n\000c\000e}{chapter.4}
\BOOKMARK [1][-]{section.4.3}{\376\377\000/\000h\000o\000m\000e\000n\000f\000s\000/\000a\000m\000i\000l\000a\000n\000/\000w\000o\000r\000k\000s\000p\000a\000c\000e\000/\000X\000r\000a\000d\000i\000a\000-\000d\000l\000l\000/\000L\000a\000s\000t\000V\000e\000r\000s\000i\000o\000n\000/\000T\000a\000n\000g\000o\000I\000n\000t\000e\000r\000f\000a\000c\000e\000\137\0002\0000\0000\0009\0001\0002\0000\0001\000/\000s\000t\000d\000a\000f\000x\000.\000h\000\040\000F\000i\000l\000e\000\040\000R\000e\000f\000e\000r\000e\000n\000c\000e}{chapter.4}
\BOOKMARK [2][-]{subsection.4.3.1}{\376\377\000D\000e\000f\000i\000n\000e\000\040\000D\000o\000c\000u\000m\000e\000n\000t\000a\000t\000i\000o\000n}{section.4.3}
\BOOKMARK [3][-]{subsubsection.4.3.1.1}{\376\377\000\137\000A\000T\000L\000\137\000C\000S\000T\000R\000I\000N\000G\000\137\000E\000X\000P\000L\000I\000C\000I\000T\000\137\000C\000O\000N\000S\000T\000R\000U\000C\000T\000O\000R\000S}{subsection.4.3.1}
\BOOKMARK [3][-]{subsubsection.4.3.1.2}{\376\377\000V\000C\000\137\000E\000X\000T\000R\000A\000L\000E\000A\000N}{subsection.4.3.1}
\BOOKMARK [1][-]{section.4.4}{\376\377\000/\000h\000o\000m\000e\000n\000f\000s\000/\000a\000m\000i\000l\000a\000n\000/\000w\000o\000r\000k\000s\000p\000a\000c\000e\000/\000X\000r\000a\000d\000i\000a\000-\000d\000l\000l\000/\000L\000a\000s\000t\000V\000e\000r\000s\000i\000o\000n\000/\000T\000a\000n\000g\000o\000I\000n\000t\000e\000r\000f\000a\000c\000e\000\137\0002\0000\0000\0009\0001\0002\0000\0001\000/\000T\000a\000n\000g\000o\000I\000n\000t\000e\000r\000f\000a\000c\000e\000.\000c\000p\000p\000\040\000F\000i\000l\000e\000\040\000R\000e\000f\000e\000r\000e\000n\000c\000e}{chapter.4}
\BOOKMARK [2][-]{subsection.4.4.1}{\376\377\000D\000e\000f\000i\000n\000e\000\040\000D\000o\000c\000u\000m\000e\000n\000t\000a\000t\000i\000o\000n}{section.4.4}
\BOOKMARK [3][-]{subsubsection.4.4.1.1}{\376\377\000N\000U\000M\000\137\000S\000T\000R\000I\000N\000G\000S}{subsection.4.4.1}
\BOOKMARK [1][-]{section.4.5}{\376\377\000/\000h\000o\000m\000e\000n\000f\000s\000/\000a\000m\000i\000l\000a\000n\000/\000w\000o\000r\000k\000s\000p\000a\000c\000e\000/\000X\000r\000a\000d\000i\000a\000-\000d\000l\000l\000/\000L\000a\000s\000t\000V\000e\000r\000s\000i\000o\000n\000/\000T\000a\000n\000g\000o\000I\000n\000t\000e\000r\000f\000a\000c\000e\000\137\0002\0000\0000\0009\0001\0002\0000\0001\000/\000T\000a\000n\000g\000o\000I\000n\000t\000e\000r\000f\000a\000c\000e\000.\000h\000\040\000F\000i\000l\000e\000\040\000R\000e\000f\000e\000r\000e\000n\000c\000e}{chapter.4}
\BOOKMARK [2][-]{subsection.4.5.1}{\376\377\000E\000n\000u\000m\000e\000r\000a\000t\000i\000o\000n\000\040\000T\000y\000p\000e\000\040\000D\000o\000c\000u\000m\000e\000n\000t\000a\000t\000i\000o\000n}{section.4.5}
\BOOKMARK [3][-]{subsubsection.4.5.1.1}{\376\377\000T\000A\000N\000G\000O\000\137\000A\000T\000T\000R\000I\000B\000U\000T\000E\000S}{subsection.4.5.1}
\BOOKMARK [1][-]{section.4.6}{\376\377\000/\000h\000o\000m\000e\000n\000f\000s\000/\000a\000m\000i\000l\000a\000n\000/\000w\000o\000r\000k\000s\000p\000a\000c\000e\000/\000X\000r\000a\000d\000i\000a\000-\000d\000l\000l\000/\000L\000a\000s\000t\000V\000e\000r\000s\000i\000o\000n\000/\000T\000a\000n\000g\000o\000I\000n\000t\000e\000r\000f\000a\000c\000e\000\137\0002\0000\0000\0009\0001\0002\0000\0001\000/\000T\000a\000n\000g\000o\000I\000n\000t\000e\000r\000f\000a\000c\000e\000A\000p\000p\000.\000c\000p\000p\000\040\000F\000i\000l\000e\000\040\000R\000e\000f\000e\000r\000e\000n\000c\000e}{chapter.4}
\BOOKMARK [2][-]{subsection.4.6.1}{\376\377\000V\000a\000r\000i\000a\000b\000l\000e\000\040\000D\000o\000c\000u\000m\000e\000n\000t\000a\000t\000i\000o\000n}{section.4.6}
\BOOKMARK [3][-]{subsubsection.4.6.1.1}{\376\377\000t\000h\000e\000A\000p\000p}{subsection.4.6.1}
\BOOKMARK [1][-]{section.4.7}{\376\377\000/\000h\000o\000m\000e\000n\000f\000s\000/\000a\000m\000i\000l\000a\000n\000/\000w\000o\000r\000k\000s\000p\000a\000c\000e\000/\000X\000r\000a\000d\000i\000a\000-\000d\000l\000l\000/\000L\000a\000s\000t\000V\000e\000r\000s\000i\000o\000n\000/\000T\000a\000n\000g\000o\000I\000n\000t\000e\000r\000f\000a\000c\000e\000\137\0002\0000\0000\0009\0001\0002\0000\0001\000/\000T\000a\000n\000g\000o\000I\000n\000t\000e\000r\000f\000a\000c\000e\000A\000p\000p\000.\000h\000\040\000F\000i\000l\000e\000\040\000R\000e\000f\000e\000r\000e\000n\000c\000e}{chapter.4}
\BOOKMARK [1][-]{section.4.8}{\376\377\000/\000h\000o\000m\000e\000n\000f\000s\000/\000a\000m\000i\000l\000a\000n\000/\000w\000o\000r\000k\000s\000p\000a\000c\000e\000/\000X\000r\000a\000d\000i\000a\000-\000d\000l\000l\000/\000L\000a\000s\000t\000V\000e\000r\000s\000i\000o\000n\000/\000T\000a\000n\000g\000o\000I\000n\000t\000e\000r\000f\000a\000c\000e\000\137\0002\0000\0000\0009\0001\0002\0000\0001\000/\000t\000a\000r\000g\000e\000t\000v\000e\000r\000.\000h\000\040\000F\000i\000l\000e\000\040\000R\000e\000f\000e\000r\000e\000n\000c\000e}{chapter.4}
\BOOKMARK [2][-]{subsection.4.8.1}{\376\377\000D\000e\000f\000i\000n\000e\000\040\000D\000o\000c\000u\000m\000e\000n\000t\000a\000t\000i\000o\000n}{section.4.8}
\BOOKMARK [3][-]{subsubsection.4.8.1.1}{\376\377\000\137\000W\000I\000N\0003\0002\000\137\000I\000E}{subsection.4.8.1}
\BOOKMARK [3][-]{subsubsection.4.8.1.2}{\376\377\000\137\000W\000I\000N\0003\0002\000\137\000W\000I\000N\000D\000O\000W\000S}{subsection.4.8.1}
\BOOKMARK [3][-]{subsubsection.4.8.1.3}{\376\377\000\137\000W\000I\000N\0003\0002\000\137\000W\000I\000N\000N\000T}{subsection.4.8.1}
\BOOKMARK [3][-]{subsubsection.4.8.1.4}{\376\377\000W\000I\000N\000V\000E\000R}{subsection.4.8.1}
